<?xml version="1.0" encoding="UTF-8"?>
<testsuite name="CircleTest" tests="2" skipped="0" failures="0" errors="0" timestamp="2021-05-17T13:33:43" hostname="MARTIN" time="0.03">
  <properties/>
  <testcase name="calculatePerimeter()" classname="CircleTest" time="0.025"/>
  <testcase name="calculateContent()" classname="CircleTest" time="0.003"/>
  <system-out><![CDATA[]]></system-out>
  <system-err><![CDATA[]]></system-err>
</testsuite>
